<?xml version="1.0" encoding="UTF-8"?>
<testng-results skipped="2" failed="0" total="2" passed="0">
  <reporter-output>
  </reporter-output>
  <suite name="Default suite" duration-ms="3809" started-at="2017-04-29T06:11:37Z" finished-at="2017-04-29T06:11:40Z">
    <groups>
    </groups>
    <test name="Default test" duration-ms="3809" started-at="2017-04-29T06:11:37Z" finished-at="2017-04-29T06:11:40Z">
      <class name="testng.CreateLead">
        <test-method status="FAIL" signature="login(java.lang.String, java.lang.String, java.lang.String)[pri:0, instance:testng.CreateLead@1b554cc]" name="login" is-config="true" duration-ms="0" started-at="2017-04-29T11:41:37Z" finished-at="2017-04-29T11:41:37Z">
          <exception class="org.testng.TestNGException">
            <message>
              <![CDATA[
Parameter 'URL' is required by @Configuration on method login but has not been marked @Optional or defined
in C:\Users\crimsonearth\AppData\Local\Temp\testng-eclipse-720429889\testng-customsuite.xml]]>
            </message>
            <full-stacktrace>
              <![CDATA[org.testng.TestNGException: 
Parameter 'URL' is required by @Configuration on method login but has not been marked @Optional or defined
in C:\Users\crimsonearth\AppData\Local\Temp\testng-eclipse-720429889\testng-customsuite.xml
	at org.testng.internal.Parameters.createParameters(Parameters.java:148)
	at org.testng.internal.Parameters.createParameters(Parameters.java:361)
	at org.testng.internal.Parameters.createConfigurationParameters(Parameters.java:84)
	at org.testng.internal.Invoker.invokeConfigurations(Invoker.java:197)
	at org.testng.internal.Invoker.invokeConfigurations(Invoker.java:138)
	at org.testng.TestRunner.beforeRun(TestRunner.java:647)
	at org.testng.TestRunner.run(TestRunner.java:615)
	at org.testng.SuiteRunner.runTest(SuiteRunner.java:359)
	at org.testng.SuiteRunner.runSequentially(SuiteRunner.java:354)
	at org.testng.SuiteRunner.privateRun(SuiteRunner.java:312)
	at org.testng.SuiteRunner.run(SuiteRunner.java:261)
	at org.testng.SuiteRunnerWorker.runSuite(SuiteRunnerWorker.java:52)
	at org.testng.SuiteRunnerWorker.run(SuiteRunnerWorker.java:86)
	at org.testng.TestNG.runSuitesSequentially(TestNG.java:1185)
	at org.testng.TestNG.runSuitesLocally(TestNG.java:1110)
	at org.testng.TestNG.run(TestNG.java:1018)
	at org.testng.remote.RemoteTestNG.run(RemoteTestNG.java:112)
	at org.testng.remote.RemoteTestNG.initAndRun(RemoteTestNG.java:205)
	at org.testng.remote.RemoteTestNG.main(RemoteTestNG.java:176)
]]>
            </full-stacktrace>
          </exception> <!-- org.testng.TestNGException -->
          <reporter-output>
          </reporter-output>
        </test-method> <!-- login -->
        <test-method status="SKIP" signature="createLead(java.lang.String, java.lang.String, java.lang.String)[pri:0, instance:testng.CreateLead@1b554cc]" name="createLead" duration-ms="15" started-at="2017-04-29T11:41:40Z" data-provider="fetchData" finished-at="2017-04-29T11:41:40Z">
          <params>
            <param index="0">
              <value>
                <![CDATA[CompanyName]]>
              </value>
            </param>
            <param index="1">
              <value>
                <![CDATA[CompanyName]]>
              </value>
            </param>
            <param index="2">
              <value>
                <![CDATA[CompanyName]]>
              </value>
            </param>
          </params>
          <reporter-output>
          </reporter-output>
        </test-method> <!-- createLead -->
        <test-method status="SKIP" signature="createLead(java.lang.String, java.lang.String, java.lang.String)[pri:0, instance:testng.CreateLead@1b554cc]" name="createLead" duration-ms="2" started-at="2017-04-29T11:41:40Z" data-provider="fetchData" finished-at="2017-04-29T11:41:40Z">
          <params>
            <param index="0">
              <value>
                <![CDATA[CompanyName]]>
              </value>
            </param>
            <param index="1">
              <value>
                <![CDATA[CompanyName]]>
              </value>
            </param>
            <param index="2">
              <value>
                <![CDATA[CompanyName]]>
              </value>
            </param>
          </params>
          <reporter-output>
          </reporter-output>
        </test-method> <!-- createLead -->
        <test-method status="SKIP" signature="closeBrowser()[pri:0, instance:testng.CreateLead@1b554cc]" name="closeBrowser" is-config="true" duration-ms="0" started-at="2017-04-29T11:41:40Z" finished-at="2017-04-29T11:41:40Z">
          <reporter-output>
          </reporter-output>
        </test-method> <!-- closeBrowser -->
      </class> <!-- testng.CreateLead -->
    </test> <!-- Default test -->
  </suite> <!-- Default suite -->
</testng-results>
